Reading netlist file: "C:\Users\Gebruiker\Documents\Trafik_Kontrol\impl\gwsynthesis\Trafik_Kontrol.vg"
Parsing netlist file "C:\Users\Gebruiker\Documents\Trafik_Kontrol\impl\gwsynthesis\Trafik_Kontrol.vg" completed
Processing netlist completed
Reading constraint file: "C:\Users\Gebruiker\Documents\Trafik_Kontrol\src\Trafik_Kontrol.cst"
Physical Constraint parsed completed
Running placement......
[10%] Placement Phase 0 completed
[20%] Placement Phase 1 completed
[30%] Placement Phase 2 completed
[50%] Placement Phase 3 completed
Running routing......
[60%] Routing Phase 0 completed
[70%] Routing Phase 1 completed
[80%] Routing Phase 2 completed
[90%] Routing Phase 3 completed
Running timing analysis......
[95%] Timing analysis completed
Placement and routing completed
Bitstream generation in progress......
Bitstream generation completed
Running power analysis......
[100%] Power analysis completed
Generate file "C:\Users\Gebruiker\Documents\Trafik_Kontrol\impl\pnr\Trafik_Kontrol.power.html" completed
Generate file "C:\Users\Gebruiker\Documents\Trafik_Kontrol\impl\pnr\Trafik_Kontrol.pin.html" completed
Generate file "C:\Users\Gebruiker\Documents\Trafik_Kontrol\impl\pnr\Trafik_Kontrol.rpt.html" completed
Generate file "C:\Users\Gebruiker\Documents\Trafik_Kontrol\impl\pnr\Trafik_Kontrol.rpt.txt" completed
Generate file "C:\Users\Gebruiker\Documents\Trafik_Kontrol\impl\pnr\Trafik_Kontrol.tr.html" completed
Sun Apr 16 23:13:35 2023

